<?xml version="1.0" encoding="UTF-8" ?>
<testsuite tests="27" failures="0" name="TestSuite" time="66.911" errors="0" skipped="0">
  <properties>
    <property name="java.runtime.name" value="OpenJDK Runtime Environment"/>
    <property name="sun.boot.library.path" value="/Library/Java/JavaVirtualMachines/adoptopenjdk-8.jdk/Contents/Home/jre/lib"/>
    <property name="java.vm.version" value="25.232-b09"/>
    <property name="user.country.format" value="IN"/>
    <property name="gopherProxySet" value="false"/>
    <property name="java.vm.vendor" value="AdoptOpenJDK"/>
    <property name="maven.multiModuleProjectDirectory" value="/Users/aparna.upadhyay/Documents/Work/ForMe/LearningModeOn/TakeAway"/>
    <property name="java.vendor.url" value="http://java.oracle.com/"/>
    <property name="path.separator" value=":"/>
    <property name="guice.disable.misplaced.annotation.check" value="true"/>
    <property name="java.vm.name" value="OpenJDK 64-Bit Server VM"/>
    <property name="file.encoding.pkg" value="sun.io"/>
    <property name="user.country" value="GB"/>
    <property name="sun.java.launcher" value="SUN_STANDARD"/>
    <property name="sun.os.patch.level" value="unknown"/>
    <property name="java.vm.specification.name" value="Java Virtual Machine Specification"/>
    <property name="user.dir" value="/Users/aparna.upadhyay/Documents/Work/ForMe/LearningModeOn/TakeAway"/>
    <property name="java.runtime.version" value="1.8.0_232-b09"/>
    <property name="java.awt.graphicsenv" value="sun.awt.CGraphicsEnvironment"/>
    <property name="java.endorsed.dirs" value="/Library/Java/JavaVirtualMachines/adoptopenjdk-8.jdk/Contents/Home/jre/lib/endorsed"/>
    <property name="os.arch" value="x86_64"/>
    <property name="java.io.tmpdir" value="/var/folders/cq/wcwbn43s7mx9n5qc6bp1hmnw0000gn/T/"/>
    <property name="line.separator" value="
"/>
    <property name="java.vm.specification.vendor" value="Oracle Corporation"/>
    <property name="os.name" value="Mac OS X"/>
    <property name="classworlds.conf" value="/usr/local/Cellar/maven@3.5/3.5.4_1/libexec/bin/m2.conf"/>
    <property name="sun.jnu.encoding" value="UTF-8"/>
    <property name="java.library.path" value="/Users/aparna.upadhyay/Library/Java/Extensions:/Library/Java/Extensions:/Network/Library/Java/Extensions:/System/Library/Java/Extensions:/usr/lib/java:."/>
    <property name="maven.conf" value="/usr/local/Cellar/maven@3.5/3.5.4_1/libexec/conf"/>
    <property name="java.specification.name" value="Java Platform API Specification"/>
    <property name="java.class.version" value="52.0"/>
    <property name="sun.management.compiler" value="HotSpot 64-Bit Tiered Compilers"/>
    <property name="os.version" value="10.15"/>
    <property name="library.jansi.path" value="/usr/local/Cellar/maven@3.5/3.5.4_1/libexec/lib/jansi-native"/>
    <property name="user.home" value="/Users/aparna.upadhyay"/>
    <property name="user.timezone" value="Asia/Kolkata"/>
    <property name="java.awt.printerjob" value="sun.lwawt.macosx.CPrinterJob"/>
    <property name="java.specification.version" value="1.8"/>
    <property name="file.encoding" value="UTF-8"/>
    <property name="user.name" value="aparna.upadhyay"/>
    <property name="java.class.path" value="/usr/local/Cellar/maven@3.5/3.5.4_1/libexec/boot/plexus-classworlds-2.5.2.jar"/>
    <property name="java.vm.specification.version" value="1.8"/>
    <property name="sun.arch.data.model" value="64"/>
    <property name="java.home" value="/Library/Java/JavaVirtualMachines/adoptopenjdk-8.jdk/Contents/Home/jre"/>
    <property name="sun.java.command" value="org.codehaus.plexus.classworlds.launcher.Launcher clean install"/>
    <property name="java.specification.vendor" value="Oracle Corporation"/>
    <property name="user.language" value="en"/>
    <property name="awt.toolkit" value="sun.lwawt.macosx.LWCToolkit"/>
    <property name="java.vm.info" value="mixed mode"/>
    <property name="java.version" value="1.8.0_232"/>
    <property name="java.ext.dirs" value="/Users/aparna.upadhyay/Library/Java/Extensions:/Library/Java/JavaVirtualMachines/adoptopenjdk-8.jdk/Contents/Home/jre/lib/ext:/Library/Java/Extensions:/Network/Library/Java/Extensions:/System/Library/Java/Extensions:/usr/lib/java"/>
    <property name="sun.boot.class.path" value="/Library/Java/JavaVirtualMachines/adoptopenjdk-8.jdk/Contents/Home/jre/lib/resources.jar:/Library/Java/JavaVirtualMachines/adoptopenjdk-8.jdk/Contents/Home/jre/lib/rt.jar:/Library/Java/JavaVirtualMachines/adoptopenjdk-8.jdk/Contents/Home/jre/lib/sunrsasign.jar:/Library/Java/JavaVirtualMachines/adoptopenjdk-8.jdk/Contents/Home/jre/lib/jsse.jar:/Library/Java/JavaVirtualMachines/adoptopenjdk-8.jdk/Contents/Home/jre/lib/jce.jar:/Library/Java/JavaVirtualMachines/adoptopenjdk-8.jdk/Contents/Home/jre/lib/charsets.jar:/Library/Java/JavaVirtualMachines/adoptopenjdk-8.jdk/Contents/Home/jre/lib/jfr.jar:/Library/Java/JavaVirtualMachines/adoptopenjdk-8.jdk/Contents/Home/jre/classes"/>
    <property name="java.vendor" value="AdoptOpenJDK"/>
    <property name="maven.home" value="/usr/local/Cellar/maven@3.5/3.5.4_1/libexec"/>
    <property name="file.separator" value="/"/>
    <property name="java.vendor.url.bug" value="http://bugreport.sun.com/bugreport/"/>
    <property name="sun.cpu.endian" value="little"/>
    <property name="sun.io.unicode.encoding" value="UnicodeBig"/>
    <property name="sun.cpu.isalist" value=""/>
  </properties>
  <testcase classname="com.LearningModeOn.smoke.ItemTest" name="addDuplicateItemToListTest" time="4.862"/>
  <testcase classname="com.LearningModeOn.smoke.ItemTest" name="addInvalidItemToListErrorTest" time="2.085"/>
  <testcase classname="com.LearningModeOn.smoke.ItemTest" name="addInvalidItemToListTest" time="4.53"/>
  <testcase classname="com.LearningModeOn.smoke.ItemTest" name="addInvalidItemToListTest" time="2.83"/>
  <testcase classname="com.LearningModeOn.smoke.ItemTest" name="addInvalidItemToListTest" time="2.761"/>
  <testcase classname="com.LearningModeOn.smoke.ItemTest" name="addInvalidItemToListTest" time="2.757"/>
  <testcase classname="com.LearningModeOn.smoke.ItemTest" name="addItemInvalidTokenTest" time="2.893"/>
  <testcase classname="com.LearningModeOn.smoke.ItemTest" name="addValidItemToListTest" time="5.361"/>
  <testcase classname="com.LearningModeOn.smoke.ItemTest" name="removeItemFromListInvalidTest" time="2.771"/>
  <testcase classname="com.LearningModeOn.smoke.ItemTest" name="removeItemFromListValidTest" time="2.903"/>
  <testcase classname="com.LearningModeOn.smoke.ItemTest" name="removeItemInvalidTokenTest" time="2.693"/>
  <testcase classname="com.LearningModeOn.smoke.ItemTest" name="updateInvalidItemTest" time="2.782"/>
  <testcase classname="com.LearningModeOn.smoke.ItemTest" name="updateItemInListValidTest" time="2.808"/>
  <testcase classname="com.LearningModeOn.smoke.ItemTest" name="updateItemInvalidListTest" time="2.693"/>
  <testcase classname="com.LearningModeOn.smoke.ListTest" name="clearAllItemsinInvalidListTest" time="2.743"/>
  <testcase classname="com.LearningModeOn.smoke.ListTest" name="clearAllItemsinValidListTest" time="2.771"/>
  <testcase classname="com.LearningModeOn.smoke.ListTest" name="clearListInvalidTokenTest" time="2.638"/>
  <testcase classname="com.LearningModeOn.smoke.ListTest" name="createInvalidListTest" time="0.931"/>
  <testcase classname="com.LearningModeOn.smoke.ListTest" name="createInvalidListTest" time="0.924"/>
  <testcase classname="com.LearningModeOn.smoke.ListTest" name="createListInvalidTokenTest" time="0.9"/>
  <testcase classname="com.LearningModeOn.smoke.ListTest" name="createValidListTest" time="0.947"/>
  <testcase classname="com.LearningModeOn.smoke.ListTest" name="createValidListTest" time="0.932"/>
  <testcase classname="com.LearningModeOn.smoke.ListTest" name="createValidListTest" time="0.94"/>
  <testcase classname="com.LearningModeOn.smoke.ListTest" name="updateListInvalidDataTest" time="2.303"/>
  <testcase classname="com.LearningModeOn.smoke.ListTest" name="updateListInvalidIdTest" time="2.728"/>
  <testcase classname="com.LearningModeOn.smoke.ListTest" name="updateListInvalidTokenTest" time="1.724"/>
  <testcase classname="com.LearningModeOn.smoke.ListTest" name="updateListValidTest" time="1.701"/>
</testsuite>