<?xml version="1.0" encoding="UTF-8"?>
<!-- Generated by org.testng.reporters.JUnitReportReporter -->
<testsuite skipped="0" hostname="aupadhyay" name="com.LearningModeOn.smoke.ListTest" tests="13" failures="0" timestamp="2021-04-10T19:23:18 IST" time="22.177" errors="0">
  <testcase name="clearListInvalidTokenTest" time="2.637" classname="com.LearningModeOn.smoke.ListTest"/>
  <system-out/>
  <testcase name="createValidListTest" time="0.932" classname="com.LearningModeOn.smoke.ListTest"/>
  <system-out/>
  <testcase name="updateListInvalidIdTest" time="2.727" classname="com.LearningModeOn.smoke.ListTest"/>
  <system-out/>
  <testcase name="updateListInvalidTokenTest" time="1.723" classname="com.LearningModeOn.smoke.ListTest"/>
  <system-out/>
  <testcase name="updateListInvalidDataTest" time="2.302" classname="com.LearningModeOn.smoke.ListTest"/>
  <system-out/>
  <testcase name="createValidListTest" time="0.947" classname="com.LearningModeOn.smoke.ListTest"/>
  <system-out/>
  <testcase name="createValidListTest" time="0.939" classname="com.LearningModeOn.smoke.ListTest"/>
  <system-out/>
  <testcase name="updateListValidTest" time="1.701" classname="com.LearningModeOn.smoke.ListTest"/>
  <system-out/>
  <testcase name="createListInvalidTokenTest" time="0.900" classname="com.LearningModeOn.smoke.ListTest"/>
  <system-out/>
  <testcase name="clearAllItemsinValidListTest" time="2.771" classname="com.LearningModeOn.smoke.ListTest"/>
  <system-out/>
  <testcase name="createInvalidListTest" time="0.924" classname="com.LearningModeOn.smoke.ListTest"/>
  <system-out/>
  <testcase name="clearAllItemsinInvalidListTest" time="2.743" classname="com.LearningModeOn.smoke.ListTest"/>
  <system-out/>
  <testcase name="createInvalidListTest" time="0.931" classname="com.LearningModeOn.smoke.ListTest"/>
  <system-out/>
</testsuite> <!-- com.LearningModeOn.smoke.ListTest -->
