<?xml version="1.0" encoding="UTF-8"?>
<!-- Generated by org.testng.reporters.JUnitReportReporter -->
<testsuite skipped="0" hostname="aupadhyay" name="com.LearningModeOn.smoke.ItemTest" tests="14" failures="0" timestamp="2021-04-10T19:23:18 IST" time="44.724" errors="0">
  <testcase name="updateItemInListValidTest" time="2.809" classname="com.LearningModeOn.smoke.ItemTest"/>
  <system-out/>
  <testcase name="addItemInvalidTokenTest" time="2.892" classname="com.LearningModeOn.smoke.ItemTest"/>
  <system-out/>
  <testcase name="addInvalidItemToListTest" time="2.760" classname="com.LearningModeOn.smoke.ItemTest"/>
  <system-out/>
  <testcase name="updateItemInvalidListTest" time="2.693" classname="com.LearningModeOn.smoke.ItemTest"/>
  <system-out/>
  <testcase name="updateInvalidItemTest" time="2.781" classname="com.LearningModeOn.smoke.ItemTest"/>
  <system-out/>
  <testcase name="addInvalidItemToListTest" time="4.530" classname="com.LearningModeOn.smoke.ItemTest"/>
  <system-out/>
  <testcase name="addDuplicateItemToListTest" time="4.860" classname="com.LearningModeOn.smoke.ItemTest"/>
  <system-out/>
  <testcase name="addInvalidItemToListErrorTest" time="2.084" classname="com.LearningModeOn.smoke.ItemTest"/>
  <system-out/>
  <testcase name="removeItemInvalidTokenTest" time="2.693" classname="com.LearningModeOn.smoke.ItemTest"/>
  <system-out/>
  <testcase name="addInvalidItemToListTest" time="2.830" classname="com.LearningModeOn.smoke.ItemTest"/>
  <system-out/>
  <testcase name="removeItemFromListValidTest" time="2.903" classname="com.LearningModeOn.smoke.ItemTest"/>
  <system-out/>
  <testcase name="addInvalidItemToListTest" time="2.757" classname="com.LearningModeOn.smoke.ItemTest"/>
  <system-out/>
  <testcase name="removeItemFromListInvalidTest" time="2.771" classname="com.LearningModeOn.smoke.ItemTest"/>
  <system-out/>
  <testcase name="addValidItemToListTest" time="5.361" classname="com.LearningModeOn.smoke.ItemTest"/>
  <system-out/>
</testsuite> <!-- com.LearningModeOn.smoke.ItemTest -->
